<?xml version="1.0" encoding="UTF-8"?>
<testng-results ignored="0" total="2" passed="2" failed="0" skipped="0">
  <reporter-output>
  </reporter-output>
  <suite started-at="2023-09-25T20:37:19 IST" name="Leads" finished-at="2023-09-25T20:41:16 IST" duration-ms="236531">
    <groups>
    </groups>
    <test started-at="2023-09-25T20:37:19 IST" name="EdgeBrowserTesting" finished-at="2023-09-25T20:40:54 IST" duration-ms="214316">
      <class name="week5.day1.testcase.CreateLead">
        <test-method is-config="true" signature="launchLogin(java.lang.String,java.lang.String,java.lang.String,java.lang.String)[pri:0, instance:week5.day1.testcase.CreateLead@229f66ed]" started-at="2023-09-25T20:37:19 IST" name="launchLogin" finished-at="2023-09-25T20:39:32 IST" duration-ms="132671" status="PASS">
          <params>
            <param index="0">
              <value>
                <![CDATA[Edge]]>
              </value>
            </param>
            <param index="1">
              <value>
                <![CDATA[http://leaftaps.com/opentaps/control/main]]>
              </value>
            </param>
            <param index="2">
              <value>
                <![CDATA[Demosalesmanager]]>
              </value>
            </param>
            <param index="3">
              <value>
                <![CDATA[crmsfa]]>
              </value>
            </param>
          </params>
          <reporter-output>
          </reporter-output>
        </test-method> <!-- launchLogin -->
        <test-method signature="createLeadTestcase()[pri:0, instance:week5.day1.testcase.CreateLead@229f66ed]" started-at="2023-09-25T20:39:32 IST" name="createLeadTestcase" finished-at="2023-09-25T20:40:38 IST" duration-ms="65540" status="PASS">
          <reporter-output>
          </reporter-output>
        </test-method> <!-- createLeadTestcase -->
        <test-method is-config="true" signature="quitBrowser()[pri:0, instance:week5.day1.testcase.CreateLead@229f66ed]" started-at="2023-09-25T20:40:38 IST" name="quitBrowser" finished-at="2023-09-25T20:40:54 IST" duration-ms="16031" status="PASS">
          <reporter-output>
          </reporter-output>
        </test-method> <!-- quitBrowser -->
      </class> <!-- week5.day1.testcase.CreateLead -->
    </test> <!-- EdgeBrowserTesting -->
    <test started-at="2023-09-25T20:37:19 IST" name="ChromeBrowserTesting" finished-at="2023-09-25T20:41:16 IST" duration-ms="236531">
      <class name="week5.day1.testcase.CreateLead">
        <test-method is-config="true" signature="launchLogin(java.lang.String,java.lang.String,java.lang.String,java.lang.String)[pri:0, instance:week5.day1.testcase.CreateLead@689604d9]" started-at="2023-09-25T20:37:19 IST" name="launchLogin" finished-at="2023-09-25T20:41:02 IST" duration-ms="222532" status="PASS">
          <params>
            <param index="0">
              <value>
                <![CDATA[Chrome]]>
              </value>
            </param>
            <param index="1">
              <value>
                <![CDATA[http://leaftaps.com/opentaps/control/main]]>
              </value>
            </param>
            <param index="2">
              <value>
                <![CDATA[Demosalesmanager]]>
              </value>
            </param>
            <param index="3">
              <value>
                <![CDATA[crmsfa]]>
              </value>
            </param>
          </params>
          <reporter-output>
          </reporter-output>
        </test-method> <!-- launchLogin -->
        <test-method signature="createLeadTestcase()[pri:0, instance:week5.day1.testcase.CreateLead@689604d9]" started-at="2023-09-25T20:41:02 IST" name="createLeadTestcase" finished-at="2023-09-25T20:41:15 IST" duration-ms="13517" status="PASS">
          <reporter-output>
          </reporter-output>
        </test-method> <!-- createLeadTestcase -->
        <test-method is-config="true" signature="quitBrowser()[pri:0, instance:week5.day1.testcase.CreateLead@689604d9]" started-at="2023-09-25T20:41:15 IST" name="quitBrowser" finished-at="2023-09-25T20:41:16 IST" duration-ms="344" status="PASS">
          <reporter-output>
          </reporter-output>
        </test-method> <!-- quitBrowser -->
      </class> <!-- week5.day1.testcase.CreateLead -->
    </test> <!-- ChromeBrowserTesting -->
  </suite> <!-- Leads -->
</testng-results>
